INFO:root:Executed R('load(\'../../instructor/assignments/hw7/hw7-test.rda\')')
INFO:root:(2 points) R('all.equal(n.speeches, sol$n.speeches)')[0] is True
INFO:root:(1 points) R('all.equal(class(presidents), class(sol$presidents))')[0] is True
INFO:root:(1 points) R('all.equal(presidents, sol$presidents)')[0] is True
INFO:root:(1 points) R('all.equal(class(tempDates), class(sol$tempDates))')[0] is True
INFO:root:(1 points) R('all.equal(tempDates, sol$tempDates)')[0] is True
ERROR:root:(1 points) Checking R('all.equal(class(speechYr), class(sol$speechYr))')[0]
ERROR:root:... Expecting: True
ERROR:root:... But got:   1 string mismatch
ERROR:root:(1 points) Checking R('all.equal(speechYr, sol$speechYr)')[0]
ERROR:root:... Expecting: True
ERROR:root:... But got:   Modes: character, numeric
INFO:root:(1 points) R('all.equal(class(speechMo), class(sol$speechMo))')[0] is True
INFO:root:(1 points) R('all.equal(speechMo, sol$speechMo)')[0] is True
ERROR:root:(1 points) Checking a simple plot of mds?
ERROR:root:... Expecting: False
ERROR:root:... But got:   n
ERROR:root:(1 points) Checking a more complicated plot of mds?
ERROR:root:... Expecting: False
ERROR:root:... But got:   n
ERROR:root:(1 points) Checking hierarchical clustering?
ERROR:root:... Expecting: False
ERROR:root:... But got:   n
ERROR:root:(1 points) Checking speech year vs number of sentences?
ERROR:root:... Expecting: False
ERROR:root:... But got:   n
ERROR:root:(1 points) Checking speech year vs number of words?
ERROR:root:... Expecting: False
ERROR:root:... But got:   n
ERROR:root:(1 points) Checking speech year vs number of characters?
ERROR:root:... Expecting: False
ERROR:root:... But got:   n
ERROR:root:(1 points) Checking speech year vs avg word length?
ERROR:root:... Expecting: False
ERROR:root:... But got:   n
ERROR:root:(1 points) Checking speech year vs avg sentence length?
ERROR:root:... Expecting: False
ERROR:root:... But got:   n
INFO:root:You got a 8 out of 18.
